This is pdfTeX, Version 3.141592653-2.6-1.40.22 (MiKTeX 21.3) (preloaded format=pdflatex 2021.4.4)  28 NOV 2021 23:15
entering extended mode
**./RL.tex
(RL.tex
LaTeX2e <2020-10-01> patch level 4
L3 programming layer <2021-02-18>
(C:\Users\ALEXANDRE\AppData\Local\Programs\MiKTeX 2.9\tex/latex/base\article.cl
s
Document Class: article 2020/04/10 v1.4m Standard LaTeX document class

(C:\Users\ALEXANDRE\AppData\Local\Programs\MiKTeX 2.9\tex/latex/base\size11.clo
File: size11.clo 2020/04/10 v1.4m Standard LaTeX file (size option)
)
\c@part=\count179
\c@section=\count180
\c@subsection=\count181
\c@subsubsection=\count182
\c@paragraph=\count183
\c@subparagraph=\count184
\c@figure=\count185
\c@table=\count186
\abovecaptionskip=\skip47
\belowcaptionskip=\skip48
\bibindent=\dimen138
)
(C:\Users\ALEXANDRE\AppData\Local\Programs\MiKTeX 2.9\tex/latex/base\inputenc.s
ty
Package: inputenc 2020/08/01 v1.3d Input encoding file
\inpenc@prehook=\toks15
\inpenc@posthook=\toks16
)
(C:\Users\ALEXANDRE\AppData\Local\Programs\MiKTeX 2.9\tex/generic/babel\babel.s
ty
Package: babel 2021/03/24 3.56 The Babel package

(C:\Users\ALEXANDRE\AppData\Local\Programs\MiKTeX 2.9\tex/generic/babel\babel.d
ef
File: babel.def 2021/03/24 3.56 Babel common definitions
\babel@savecnt=\count187
\U@D=\dimen139
\l@babelnohyphens=\language79

(C:\Users\ALEXANDRE\AppData\Local\Programs\MiKTeX 2.9\tex/generic/babel\txtbabe
l.def)
\bbl@readstream=\read2
)
\bbl@dirlevel=\count188

*************************************
* Local config file bblopts.cfg used
*

(C:\Users\ALEXANDRE\AppData\Local\Programs\MiKTeX 2.9\tex/latex/arabi\bblopts.c
fg
File: bblopts.cfg 2005/09/08 v0.1 add Arabic and Farsi to "declared" options of
 babel
)
(C:\Users\ALEXANDRE\AppData\Local\Programs\MiKTeX 2.9\tex/generic/babel-french\
french.ldf
Language: french 2020/10/10 v3.5l French support from the babel system
Package babel Info: \l@acadian = using hyphenrules for french
(babel)             (\language22) on input line 91.
Package babel Info: \l@canadien = using hyphenrules for french
(babel)             (\language22) on input line 92.
\FB@nonchar=\count189
Package babel Info: Making : an active character on input line 430.
Package babel Info: Making ; an active character on input line 431.
Package babel Info: Making ! an active character on input line 432.
Package babel Info: Making ? an active character on input line 433.
\FBguill@level=\count190
\FBold@everypar=\toks17
\FB@Mht=\dimen140
\mc@charclass=\count191
\mc@charfam=\count192
\mc@charslot=\count193
\std@mcc=\count194
\dec@mcc=\count195
\listindentFB=\dimen141
\descindentFB=\dimen142
\labelindentFB=\dimen143
\labelwidthFB=\dimen144
\leftmarginFB=\dimen145
\parindentFFN=\dimen146
\FBfnindent=\dimen147
))
(C:\Users\ALEXANDRE\AppData\Local\Programs\MiKTeX 2.9\tex/latex/carlisle\scalef
nt.sty)
(C:\Users\ALEXANDRE\AppData\Local\Programs\MiKTeX 2.9\tex/latex/graphics\keyval
.sty
Package: keyval 2014/10/28 v1.15 key=value parser (DPC)
\KV@toks@=\toks18
)
(C:\Users\ALEXANDRE\AppData\Local\Programs\MiKTeX 2.9\tex/latex/geometry\geomet
ry.sty
Package: geometry 2020/01/02 v5.9 Page Geometry

(C:\Users\ALEXANDRE\AppData\Local\Programs\MiKTeX 2.9\tex/generic/iftex\ifvtex.
sty
Package: ifvtex 2019/10/25 v1.7 ifvtex legacy package. Use iftex instead.

(C:\Users\ALEXANDRE\AppData\Local\Programs\MiKTeX 2.9\tex/generic/iftex\iftex.s
ty
Package: iftex 2020/03/06 v1.0d TeX engine tests
))
\Gm@cnth=\count196
\Gm@cntv=\count197
\c@Gm@tempcnt=\count198
\Gm@bindingoffset=\dimen148
\Gm@wd@mp=\dimen149
\Gm@odd@mp=\dimen150
\Gm@even@mp=\dimen151
\Gm@layoutwidth=\dimen152
\Gm@layoutheight=\dimen153
\Gm@layouthoffset=\dimen154
\Gm@layoutvoffset=\dimen155
\Gm@dimlist=\toks19

(C:\Users\ALEXANDRE\AppData\Local\Programs\MiKTeX 2.9\tex/latex/geometry\geomet
ry.cfg))
(C:\Users\ALEXANDRE\AppData\Local\Programs\MiKTeX 2.9\tex/latex/graphics\graphi
cx.sty
Package: graphicx 2020/09/09 v1.2b Enhanced LaTeX Graphics (DPC,SPQR)

(C:\Users\ALEXANDRE\AppData\Local\Programs\MiKTeX 2.9\tex/latex/graphics\graphi
cs.sty
Package: graphics 2020/08/30 v1.4c Standard LaTeX Graphics (DPC,SPQR)

(C:\Users\ALEXANDRE\AppData\Local\Programs\MiKTeX 2.9\tex/latex/graphics\trig.s
ty
Package: trig 2016/01/03 v1.10 sin cos tan (DPC)
)
(C:\Users\ALEXANDRE\AppData\Local\Programs\MiKTeX 2.9\tex/latex/graphics-cfg\gr
aphics.cfg
File: graphics.cfg 2016/06/04 v1.11 sample graphics configuration
)
Package graphics Info: Driver file: pdftex.def on input line 105.

(C:\Users\ALEXANDRE\AppData\Local\Programs\MiKTeX 2.9\tex/latex/graphics-def\pd
ftex.def
File: pdftex.def 2020/10/05 v1.2a Graphics/color driver for pdftex
))
\Gin@req@height=\dimen156
\Gin@req@width=\dimen157
)
(C:\Users\ALEXANDRE\AppData\Local\Programs\MiKTeX 2.9\tex/latex/amsfonts\amsfon
ts.sty
Package: amsfonts 2013/01/14 v3.01 Basic AMSFonts support
\@emptytoks=\toks20
\symAMSa=\mathgroup4
\symAMSb=\mathgroup5
LaTeX Font Info:    Redeclaring math symbol \hbar on input line 98.
LaTeX Font Info:    Overwriting math alphabet `\mathfrak' in version `bold'
(Font)                  U/euf/m/n --> U/euf/b/n on input line 106.
)
(C:\Users\ALEXANDRE\AppData\Local\Programs\MiKTeX 2.9\tex/latex/ulem\ulem.sty
\UL@box=\box47
\UL@hyphenbox=\box48
\UL@skip=\skip49
\UL@hook=\toks21
\UL@height=\dimen158
\UL@pe=\count199
\UL@pixel=\dimen159
\ULC@box=\box49
Package: ulem 2019/11/18
\ULdepth=\dimen160
)
(C:\Users\ALEXANDRE\AppData\Local\Programs\MiKTeX 2.9\tex/latex/amsmath\amsmath
.sty
Package: amsmath 2020/09/23 v2.17i AMS math features
\@mathmargin=\skip50

For additional information on amsmath, use the `?' option.

(C:\Users\ALEXANDRE\AppData\Local\Programs\MiKTeX 2.9\tex/latex/amsmath\amstext
.sty
Package: amstext 2000/06/29 v2.01 AMS text

(C:\Users\ALEXANDRE\AppData\Local\Programs\MiKTeX 2.9\tex/latex/amsmath\amsgen.
sty
File: amsgen.sty 1999/11/30 v2.0 generic functions
\@emptytoks=\toks22
\ex@=\dimen161
))
(C:\Users\ALEXANDRE\AppData\Local\Programs\MiKTeX 2.9\tex/latex/amsmath\amsbsy.
sty
Package: amsbsy 1999/11/29 v1.2d Bold Symbols
\pmbraise@=\dimen162
)
(C:\Users\ALEXANDRE\AppData\Local\Programs\MiKTeX 2.9\tex/latex/amsmath\amsopn.
sty
Package: amsopn 2016/03/08 v2.02 operator names
)
\inf@bad=\count266
LaTeX Info: Redefining \frac on input line 234.
\uproot@=\count267
\leftroot@=\count268
LaTeX Info: Redefining \overline on input line 399.
\classnum@=\count269
\DOTSCASE@=\count270
LaTeX Info: Redefining \ldots on input line 496.
LaTeX Info: Redefining \dots on input line 499.
LaTeX Info: Redefining \cdots on input line 620.
\Mathstrutbox@=\box50
\strutbox@=\box51
\big@size=\dimen163
LaTeX Font Info:    Redeclaring font encoding OML on input line 743.
LaTeX Font Info:    Redeclaring font encoding OMS on input line 744.
\macc@depth=\count271
\c@MaxMatrixCols=\count272
\dotsspace@=\muskip16
\c@parentequation=\count273
\dspbrk@lvl=\count274
\tag@help=\toks23
\row@=\count275
\column@=\count276
\maxfields@=\count277
\andhelp@=\toks24
\eqnshift@=\dimen164
\alignsep@=\dimen165
\tagshift@=\dimen166
\tagwidth@=\dimen167
\totwidth@=\dimen168
\lineht@=\dimen169
\@envbody=\toks25
\multlinegap=\skip51
\multlinetaggap=\skip52
\mathdisplay@stack=\toks26
LaTeX Info: Redefining \[ on input line 2923.
LaTeX Info: Redefining \] on input line 2924.
)
(C:\Users\ALEXANDRE\AppData\Local\Programs\MiKTeX 2.9\tex/latex/esint\esint.sty
Package: esint 
\symlargesymbolsA=\mathgroup6
)
(C:\Users\ALEXANDRE\AppData\Local\Programs\MiKTeX 2.9\tex/latex/latex-tools\cal
c.sty
Package: calc 2017/05/25 v4.3 Infix arithmetic (KKT,FJ)
\calc@Acount=\count278
\calc@Bcount=\count279
\calc@Adimen=\dimen170
\calc@Bdimen=\dimen171
\calc@Askip=\skip53
\calc@Bskip=\skip54
LaTeX Info: Redefining \setlength on input line 80.
LaTeX Info: Redefining \addtolength on input line 81.
\calc@Ccount=\count280
\calc@Cskip=\skip55
)
(C:\Users\ALEXANDRE\AppData\Local\Programs\MiKTeX 2.9\tex/latex/latex-tools\arr
ay.sty
Package: array 2020/10/01 v2.5c Tabular extension package (FMi)
\col@sep=\dimen172
\ar@mcellbox=\box52
\extrarowheight=\dimen173
\NC@list=\toks27
\extratabsurround=\skip56
\backup@length=\skip57
\ar@cellbox=\box53
)
(C:\Users\ALEXANDRE\AppData\Local\Programs\MiKTeX 2.9\tex/latex/multirow\multir
ow.sty
Package: multirow 2021/03/15 v2.8 Span multiple rows of a table
\multirow@colwidth=\skip58
\multirow@cntb=\count281
\multirow@dima=\skip59
\bigstrutjot=\dimen174
)
(C:\Users\ALEXANDRE\AppData\Local\Programs\MiKTeX 2.9\tex/latex/makecell\makece
ll.sty
Package: makecell 2009/08/03 V0.1e Managing of Tab Column Heads and Cells
\rotheadsize=\dimen175
\c@nlinenum=\count282
\TeXr@lab=\toks28
)
(C:\Users\ALEXANDRE\AppData\Local\Programs\MiKTeX 2.9\tex/latex/caption\caption
.sty
Package: caption 2020/10/26 v3.5g Customizing captions (AR)

(C:\Users\ALEXANDRE\AppData\Local\Programs\MiKTeX 2.9\tex/latex/caption\caption
3.sty
Package: caption3 2020/10/21 v2.2e caption3 kernel (AR)
\captionmargin=\dimen176
\captionmargin@=\dimen177
\captionwidth=\dimen178
\caption@tempdima=\dimen179
\caption@indent=\dimen180
\caption@parindent=\dimen181
\caption@hangindent=\dimen182
Package caption Info: Standard document class detected.
Package caption Info: french babel package is loaded.
)
\c@caption@flags=\count283
\c@continuedfloat=\count284
)
(C:\Users\ALEXANDRE\AppData\Local\Programs\MiKTeX 2.9\tex/latex/caption\subcapt
ion.sty
Package: subcaption 2020/10/07 v1.3j Sub-captions (AR)
\c@subfigure=\count285
\c@subtable=\count286
)
(C:\Users\ALEXANDRE\AppData\Local\Programs\MiKTeX 2.9\tex/latex/latex-tools\lon
gtable.sty
Package: longtable 2020/01/07 v4.13 Multi-page Table package (DPC)
\LTleft=\skip60
\LTright=\skip61
\LTpre=\skip62
\LTpost=\skip63
\LTchunksize=\count287
\LTcapwidth=\dimen183
\LT@head=\box54
\LT@firsthead=\box55
\LT@foot=\box56
\LT@lastfoot=\box57
\LT@cols=\count288
\LT@rows=\count289
\c@LT@tables=\count290
\c@LT@chunks=\count291
\LT@p@ftn=\toks29
)
(C:\Users\ALEXANDRE\AppData\Local\Programs\MiKTeX 2.9\tex/latex/latex-tools\mul
ticol.sty
Package: multicol 2019/12/09 v1.8y multicolumn formatting (FMi)
\c@tracingmulticols=\count292
\mult@box=\box58
\multicol@leftmargin=\dimen184
\c@unbalance=\count293
\c@collectmore=\count294
\doublecol@number=\count295
\multicoltolerance=\count296
\multicolpretolerance=\count297
\full@width=\dimen185
\page@free=\dimen186
\premulticols=\dimen187
\postmulticols=\dimen188
\multicolsep=\skip64
\multicolbaselineskip=\skip65
\partial@page=\box59
\last@line=\box60
\maxbalancingoverflow=\dimen189
\mult@rightbox=\box61
\mult@grightbox=\box62
\mult@gfirstbox=\box63
\mult@firstbox=\box64
\@tempa=\box65
\@tempa=\box66
\@tempa=\box67
\@tempa=\box68
\@tempa=\box69
\@tempa=\box70
\@tempa=\box71
\@tempa=\box72
\@tempa=\box73
\@tempa=\box74
\@tempa=\box75
\@tempa=\box76
\@tempa=\box77
\@tempa=\box78
\@tempa=\box79
\@tempa=\box80
\@tempa=\box81
\@tempa=\box82
\@tempa=\box83
\@tempa=\box84
\@tempa=\box85
\@tempa=\box86
\@tempa=\box87
\@tempa=\box88
\@tempa=\box89
\@tempa=\box90
\@tempa=\box91
\@tempa=\box92
\@tempa=\box93
\@tempa=\box94
\@tempa=\box95
\@tempa=\box96
\@tempa=\box97
\@tempa=\box98
\@tempa=\box99
\@tempa=\box100
\@tempa=\box101
\c@minrows=\count298
\c@columnbadness=\count299
\c@finalcolumnbadness=\count300
\last@try=\dimen190
\multicolovershoot=\dimen191
\multicolundershoot=\dimen192
\mult@nat@firstbox=\box102
\colbreak@box=\box103
\mc@col@check@num=\count301
)
(C:\Users\ALEXANDRE\AppData\Local\Programs\MiKTeX 2.9\tex/latex/float\float.sty
Package: float 2001/11/08 v1.3d Float enhancements (AL)
\c@float@type=\count302
\float@exts=\toks30
\float@box=\box104
\@float@everytoks=\toks31
\@floatcapt=\box105
)
(C:\Users\ALEXANDRE\AppData\Local\Programs\MiKTeX 2.9\tex/latex/l3backend\l3bac
kend-pdftex.def
File: l3backend-pdftex.def 2021-03-18 L3 backend support: PDF output (pdfTeX)
\l__color_backend_stack_int=\count303
\l__pdf_internal_box=\box106
) (RL.aux)
\openout1 = `RL.aux'.

LaTeX Font Info:    Checking defaults for OML/cmm/m/it on input line 27.
LaTeX Font Info:    ... okay on input line 27.
LaTeX Font Info:    Checking defaults for OMS/cmsy/m/n on input line 27.
LaTeX Font Info:    ... okay on input line 27.
LaTeX Font Info:    Checking defaults for OT1/cmr/m/n on input line 27.
LaTeX Font Info:    ... okay on input line 27.
LaTeX Font Info:    Checking defaults for T1/cmr/m/n on input line 27.
LaTeX Font Info:    ... okay on input line 27.
LaTeX Font Info:    Checking defaults for TS1/cmr/m/n on input line 27.
LaTeX Font Info:    ... okay on input line 27.
LaTeX Font Info:    Checking defaults for OMX/cmex/m/n on input line 27.
LaTeX Font Info:    ... okay on input line 27.
LaTeX Font Info:    Checking defaults for U/cmr/m/n on input line 27.
LaTeX Font Info:    ... okay on input line 27.
LaTeX Info: Redefining \degres on input line 27.
LaTeX Info: Redefining \dots on input line 27.
LaTeX Info: Redefining \up on input line 27.


Package french.ldf Warning: OT1 encoding should not be used for French.
(french.ldf)                Add \usepackage[T1]{fontenc} to the preamble
(french.ldf)                of your document; reported on input line 27.

*geometry* driver: auto-detecting
*geometry* detected driver: pdftex
*geometry* verbose mode - [ preamble ] result:
* driver: pdftex
* paper: <default>
* layout: <same size as paper>
* layoutoffset:(h,v)=(0.0pt,0.0pt)
* modes: 
* h-part:(L,W,R)=(56.9055pt, 500.484pt, 56.9055pt)
* v-part:(T,H,B)=(99.58464pt, 595.8007pt, 99.58464pt)
* \paperwidth=614.295pt
* \paperheight=794.96999pt
* \textwidth=500.484pt
* \textheight=595.8007pt
* \oddsidemargin=-15.36449pt
* \evensidemargin=-15.36449pt
* \topmargin=-9.68535pt
* \headheight=12.0pt
* \headsep=25.0pt
* \topskip=11.0pt
* \footskip=30.0pt
* \marginparwidth=59.0pt
* \marginparsep=10.0pt
* \columnsep=10.0pt
* \skip\footins=10.0pt plus 4.0pt minus 2.0pt
* \hoffset=0.0pt
* \voffset=0.0pt
* \mag=1000
* \@twocolumnfalse
* \@twosidefalse
* \@mparswitchfalse
* \@reversemarginfalse
* (1in=72.27pt=25.4mm, 1cm=28.453pt)


(C:\Users\ALEXANDRE\AppData\Local\Programs\MiKTeX 2.9\tex/context/base/mkii\sup
p-pdf.mkii
[Loading MPS to PDF converter (version 2006.09.02).]
\scratchcounter=\count304
\scratchdimen=\dimen193
\scratchbox=\box107
\nofMPsegments=\count305
\nofMParguments=\count306
\everyMPshowfont=\toks32
\MPscratchCnt=\count307
\MPscratchDim=\dimen194
\MPnumerator=\count308
\makeMPintoPDFobject=\count309
\everyMPtoPDFconversion=\toks33
)
(C:\Users\ALEXANDRE\AppData\Local\Programs\MiKTeX 2.9\tex/latex/epstopdf-pkg\ep
stopdf-base.sty
Package: epstopdf-base 2020-01-24 v2.11 Base part for package epstopdf
Package epstopdf-base Info: Redefining graphics rule for `.eps' on input line 4
85.

(C:\Users\ALEXANDRE\AppData\Local\Programs\MiKTeX 2.9\tex/latex/00miktex\epstop
df-sys.cfg
File: epstopdf-sys.cfg 2021/03/18 v2.0 Configuration of epstopdf for MiKTeX
))
Package caption Info: Begin \AtBeginDocument code.
Package caption Info: float package is loaded.
Package caption Info: longtable package is loaded.

(C:\Users\ALEXANDRE\AppData\Local\Programs\MiKTeX 2.9\tex/latex/caption\ltcapti
on.sty
Package: ltcaption 2020/05/30 v1.4b longtable captions (AR)
)
Package caption Info: End \AtBeginDocument code.
LaTeX Font Info:    Trying to load font information for U+msa on input line 32.


(C:\Users\ALEXANDRE\AppData\Local\Programs\MiKTeX 2.9\tex/latex/amsfonts\umsa.f
d
File: umsa.fd 2013/01/14 v3.01 AMS symbols A
)
LaTeX Font Info:    Trying to load font information for U+msb on input line 32.


(C:\Users\ALEXANDRE\AppData\Local\Programs\MiKTeX 2.9\tex/latex/amsfonts\umsb.f
d
File: umsb.fd 2013/01/14 v3.01 AMS symbols B
)
LaTeX Font Info:    Trying to load font information for U+esint on input line 3
2.

(C:\Users\ALEXANDRE\AppData\Local\Programs\MiKTeX 2.9\tex/latex/esint\uesint.fd
File: uesint.fd 
)
<GT-logo.jpg, id=1, 1284.8pt x 722.7pt>
File: GT-logo.jpg Graphic file (type jpg)
<use GT-logo.jpg>
Package pdftex.def Info: GT-logo.jpg  used on input line 41.
(pdftex.def)             Requested size: 284.52756pt x 160.0421pt.
 [1

{C:/Users/ALEXANDRE/AppData/Local/MiKTeX/2.9/pdftex/config/pdftex.map} <./GT-lo
go.jpg>] (RL.toc)
\tf@toc=\write3
\openout3 = `RL.toc'.

 [1]
<mdp_fm.png, id=13, 1156.32pt x 358.33875pt>
File: mdp_fm.png Graphic file (type png)
<use mdp_fm.png>
Package pdftex.def Info: mdp_fm.png  used on input line 65.
(pdftex.def)             Requested size: 245.24199pt x 75.99698pt.


LaTeX Warning: Command \textbullet invalid in math mode on input line 77.

Missing character: There is no ˆ in font cmr10!

LaTeX Warning: Command \textbullet invalid in math mode on input line 78.

Missing character: There is no ˆ in font cmr10!

LaTeX Warning: Command \textbullet invalid in math mode on input line 79.

Missing character: There is no ˆ in font cmr10!

LaTeX Warning: Command \textbullet invalid in math mode on input line 79.

Missing character: There is no ˆ in font cmr10!

Overfull \hbox (19.90388pt too wide) detected at line 81
\OML/cmm/m/it/10.95 P\OT1/cmr/m/n/10.95 (0\OML/cmm/m/it/10.95 ; \OT1/cmr/m/n/10
.95 :\OML/cmm/m/it/10.95 ; \OT1/cmr/m/n/10.95 :) = []
 []


LaTeX Warning: Command \textbullet invalid in math mode on input line 84.

Missing character: There is no ˆ in font cmr10!

LaTeX Warning: Command \textbullet invalid in math mode on input line 85.

Missing character: There is no ˆ in font cmr10!
<gw.png, id=15, 722.7pt x 722.7pt>
File: gw.png Graphic file (type png)
<use gw.png>
Package pdftex.def Info: gw.png  used on input line 106.
(pdftex.def)             Requested size: 245.24199pt x 245.24055pt.
[2 <./mdp_fm.png>] [3 <./gw.png>]
<VI_FM_0.9.png, id=31, 1445.4pt x 1445.4pt>
File: VI_FM_0.9.png Graphic file (type png)
<use VI_FM_0.9.png>
Package pdftex.def Info: VI_FM_0.9.png  used on input line 159.
(pdftex.def)             Requested size: 220.7163pt x 220.70438pt.
<VI_FM_0.999.png, id=32, 1445.4pt x 1445.4pt>
File: VI_FM_0.999.png Graphic file (type png)
<use VI_FM_0.999.png>
Package pdftex.def Info: VI_FM_0.999.png  used on input line 169.
(pdftex.def)             Requested size: 220.7163pt x 220.70438pt.
 [4 <./VI_FM_0.9.png>]
<VI_GW_0.9.png, id=38, 1445.4pt x 1445.4pt>
File: VI_GW_0.9.png Graphic file (type png)
<use VI_GW_0.9.png>
Package pdftex.def Info: VI_GW_0.9.png  used on input line 175.
(pdftex.def)             Requested size: 220.7163pt x 220.70438pt.
<VI_GW_0.999.png, id=39, 1445.4pt x 1445.4pt>
File: VI_GW_0.999.png Graphic file (type png)
<use VI_GW_0.999.png>
Package pdftex.def Info: VI_GW_0.999.png  used on input line 181.
(pdftex.def)             Requested size: 220.7163pt x 220.70438pt.
 [5 <./VI_FM_0.999.png> <./VI_GW_0.9.png> <./VI_GW_0.999.png>]
<PI_FM_0.9.png, id=46, 1445.4pt x 1445.4pt>
File: PI_FM_0.9.png Graphic file (type png)
<use PI_FM_0.9.png>
Package pdftex.def Info: PI_FM_0.9.png  used on input line 219.
(pdftex.def)             Requested size: 220.7163pt x 220.70438pt.
<PI_FM_0.999.png, id=47, 1445.4pt x 1445.4pt>
File: PI_FM_0.999.png Graphic file (type png)
<use PI_FM_0.999.png>
Package pdftex.def Info: PI_FM_0.999.png  used on input line 226.
(pdftex.def)             Requested size: 220.7163pt x 220.70438pt.
<PI_GW.png, id=48, 1445.4pt x 1445.4pt>
File: PI_GW.png Graphic file (type png)
<use PI_GW.png>
Package pdftex.def Info: PI_GW.png  used on input line 232.
(pdftex.def)             Requested size: 220.7163pt x 220.70438pt.
 [6 <./PI_FM_0.9.png> <./PI_FM_0.999.png>]
<Influence_rew_pb.png, id=55, 1156.32pt x 578.16pt>
File: Influence_rew_pb.png Graphic file (type png)
<use Influence_rew_pb.png>
Package pdftex.def Info: Influence_rew_pb.png  used on input line 242.
(pdftex.def)             Requested size: 220.7163pt x 110.35439pt.
<Policy_gw_10.png, id=56, 722.7pt x 722.7pt>
File: Policy_gw_10.png Graphic file (type png)
<use Policy_gw_10.png>
Package pdftex.def Info: Policy_gw_10.png  used on input line 252.
(pdftex.def)             Requested size: 144.53743pt x 144.53743pt.
<Policy_gw_1000.png, id=57, 722.7pt x 722.7pt>
File: Policy_gw_1000.png Graphic file (type png)
<use Policy_gw_1000.png>
Package pdftex.def Info: Policy_gw_1000.png  used on input line 258.
(pdftex.def)             Requested size: 144.53743pt x 144.53743pt.
 [7 <./PI_GW.png> <./Influence_rew_pb.png> <./Policy_gw_10.png> <./Policy_gw_10
00.png>]
<Q_FM_0.9.png, id=65, 1445.4pt x 1445.4pt>
File: Q_FM_0.9.png Graphic file (type png)
<use Q_FM_0.9.png>
Package pdftex.def Info: Q_FM_0.9.png  used on input line 307.
(pdftex.def)             Requested size: 245.24199pt x 245.22954pt.
 [8]
<Q_FM_0.999.png, id=70, 1445.4pt x 1445.4pt>
File: Q_FM_0.999.png Graphic file (type png)
<use Q_FM_0.999.png>
Package pdftex.def Info: Q_FM_0.999.png  used on input line 313.
(pdftex.def)             Requested size: 245.24199pt x 245.22954pt.
<aldec_ql.png, id=71, 1734.48pt x 578.16pt>
File: aldec_ql.png Graphic file (type png)
<use aldec_ql.png>
Package pdftex.def Info: aldec_ql.png  used on input line 321.
(pdftex.def)             Requested size: 245.24199pt x 81.74464pt.
<alp_ql.png, id=72, 1734.48pt x 578.16pt>
File: alp_ql.png Graphic file (type png)
<use alp_ql.png>
Package pdftex.def Info: alp_ql.png  used on input line 327.
(pdftex.def)             Requested size: 245.24199pt x 81.74464pt.
<epsdec_ql.png, id=73, 1734.48pt x 578.16pt>
File: epsdec_ql.png Graphic file (type png)
<use epsdec_ql.png>
Package pdftex.def Info: epsdec_ql.png  used on input line 333.
(pdftex.def)             Requested size: 245.24199pt x 81.74464pt.
<eps_ql.png, id=74, 1734.48pt x 578.16pt>
File: eps_ql.png Graphic file (type png)
<use eps_ql.png>
Package pdftex.def Info: eps_ql.png  used on input line 339.
(pdftex.def)             Requested size: 245.24199pt x 81.74464pt.
 [9 <./Q_FM_0.9.png> <./Q_FM_0.999.png> <./aldec_ql.png> <./alp_ql.png> <./epsd
ec_ql.png> <./eps_ql.png>]
<Policy_ql_eps7.png, id=84, 722.7pt x 722.7pt>
File: Policy_ql_eps7.png Graphic file (type png)
<use Policy_ql_eps7.png>
Package pdftex.def Info: Policy_ql_eps7.png  used on input line 347.
(pdftex.def)             Requested size: 216.81166pt x 216.81166pt.
<Policy_ql_eps4.png, id=85, 722.7pt x 722.7pt>
File: Policy_ql_eps4.png Graphic file (type png)
<use Policy_ql_eps4.png>
Package pdftex.def Info: Policy_ql_eps4.png  used on input line 352.
(pdftex.def)             Requested size: 216.81166pt x 216.81166pt.
<Policy_ql_eps2.png, id=86, 722.7pt x 722.7pt>
File: Policy_ql_eps2.png Graphic file (type png)
<use Policy_ql_eps2.png>
Package pdftex.def Info: Policy_ql_eps2.png  used on input line 357.
(pdftex.def)             Requested size: 216.81166pt x 216.81166pt.
 [10 <./Policy_ql_eps7.png> <./Policy_ql_eps4.png> <./Policy_ql_eps2.png>]
Underfull \hbox (badness 10000) in paragraph at lines 366--367
[]\OT1/cmr/m/n/10.95 Finally, the Rein-for-ce-ment Lear-ning (Q-
 []

[11] (RL.aux) ) 
Here is how much of TeX's memory you used:
 6206 strings out of 479321
 97269 string characters out of 2852732
 428883 words of memory out of 3000000
 23559 multiletter control sequences out of 15000+600000
 411491 words of font info for 59 fonts, out of 8000000 for 9000
 1141 hyphenation exceptions out of 8191
 68i,9n,74p,996b,424s stack positions out of 5000i,500n,10000p,200000b,80000s
<C:/Users/ALEXANDRE/AppData/Local/Programs/MiKTeX 2.9/fonts/type
1/public/amsfonts/cm/cmbx10.pfb><C:/Users/ALEXANDRE/AppData/Local/Programs/MiKT
eX 2.9/fonts/type1/public/amsfonts/cm/cmbx12.pfb><C:/Users/ALEXANDRE/AppData/Lo
cal/Programs/MiKTeX 2.9/fonts/type1/public/amsfonts/cm/cmcsc10.pfb><C:/Users/AL
EXANDRE/AppData/Local/Programs/MiKTeX 2.9/fonts/type1/public/amsfonts/cm/cmex10
.pfb><C:/Users/ALEXANDRE/AppData/Local/Programs/MiKTeX 2.9/fonts/type1/public/a
msfonts/cm/cmmi10.pfb><C:/Users/ALEXANDRE/AppData/Local/Programs/MiKTeX 2.9/fon
ts/type1/public/amsfonts/cm/cmmi8.pfb><C:/Users/ALEXANDRE/AppData/Local/Program
s/MiKTeX 2.9/fonts/type1/public/amsfonts/cm/cmr10.pfb><C:/Users/ALEXANDRE/AppDa
ta/Local/Programs/MiKTeX 2.9/fonts/type1/public/amsfonts/cm/cmr8.pfb><C:/Users/
ALEXANDRE/AppData/Local/Programs/MiKTeX 2.9/fonts/type1/public/amsfonts/cm/cmsy
10.pfb><C:/Users/ALEXANDRE/AppData/Local/Programs/MiKTeX 2.9/fonts/type1/public
/amsfonts/cm/cmsy6.pfb><C:/Users/ALEXANDRE/AppData/Local/Programs/MiKTeX 2.9/fo
nts/type1/public/amsfonts/cm/cmsy8.pfb><C:/Users/ALEXANDRE/AppData/Local/Progra
ms/MiKTeX 2.9/fonts/type1/public/amsfonts/cm/cmti10.pfb><C:/Users/ALEXANDRE/App
Data/Local/Programs/MiKTeX 2.9/fonts/type1/public/amsfonts/symbols/msbm10.pfb>
Output written on RL.pdf (12 pages, 1074561 bytes).
PDF statistics:
 137 PDF objects out of 1000 (max. 8388607)
 0 named destinations out of 1000 (max. 500000)
 111 words of extra memory for PDF output out of 10000 (max. 10000000)

